Using pre-set license
Built from '2020.3/staging' branch; Version is '2020.3.26f1 (7298b473bc1a) revision 7510196'; Using compiler version '192528614'; Build Type 'Release'
OS: 'Windows 11  (10.0.22000) 64bit Professional' Language: 'en' Physical Memory: 8126 MB
BatchMode: 1, IsHumanControllingUs: 0, StartBugReporterOnCrash: 0, Is64bit: 1, IsPro: 0

COMMAND LINE ARGUMENTS:
C:\Program Files\Unity\Hub\Editor\2020.3.26f1\Editor\Unity.exe
-adb2
-batchMode
-noUpm
-name
AssetImportWorker0
-projectPath
C:/Users/Phoenix.PHOENIX-PC/Documents/GitHub/ZombieShooterMaximumPlus
-logFile
Logs/AssetImportWorker0.log
-srvPort
1038
Successfully changed project path to: C:/Users/Phoenix.PHOENIX-PC/Documents/GitHub/ZombieShooterMaximumPlus
C:/Users/Phoenix.PHOENIX-PC/Documents/GitHub/ZombieShooterMaximumPlus
Using Asset Import Pipeline V2.
Refreshing native plugins compatible for Editor in 44.31 ms, found 2 plugins.
Preloading 0 native plugins for Editor in 0.00 ms.
Initialize engine version: 2020.3.26f1 (7298b473bc1a)
[Subsystems] Discovering subsystems at path C:/Program Files/Unity/Hub/Editor/2020.3.26f1/Editor/Data/Resources/UnitySubsystems
[Subsystems] Discovering subsystems at path C:/Users/Phoenix.PHOENIX-PC/Documents/GitHub/ZombieShooterMaximumPlus/Assets
GfxDevice: creating device client; threaded=0
Direct3D:
    Version:  Direct3D 11.0 [level 11.1]
    Renderer: NVIDIA GeForce GTX 970 (ID=0x13c2)
    Vendor:   
    VRAM:     4043 MB
    Driver:   30.0.15.1123
Initialize mono
Mono path[0] = 'C:/Program Files/Unity/Hub/Editor/2020.3.26f1/Editor/Data/Managed'
Mono path[1] = 'C:/Program Files/Unity/Hub/Editor/2020.3.26f1/Editor/Data/MonoBleedingEdge/lib/mono/unityjit'
Mono config path = 'C:/Program Files/Unity/Hub/Editor/2020.3.26f1/Editor/Data/MonoBleedingEdge/etc'
Using monoOptions --debugger-agent=transport=dt_socket,embedding=1,server=y,suspend=n,address=127.0.0.1:56540
Begin MonoManager ReloadAssembly
Registering precompiled unity dll's ...
Register platform support module: C:/Program Files/Unity/Hub/Editor/2020.3.26f1/Editor/Data/PlaybackEngines/WindowsStandaloneSupport/UnityEditor.WindowsStandalone.Extensions.dll
Registered in 0.001801 seconds.
Native extension for WindowsStandalone target not found
Refreshing native plugins compatible for Editor in 43.32 ms, found 2 plugins.
Preloading 0 native plugins for Editor in 0.00 ms.
Mono: successfully reloaded assembly
- Completed reload, in  0.593 seconds
Domain Reload Profiling:
	ReloadAssembly (593ms)
		BeginReloadAssembly (56ms)
			ExecutionOrderSort (0ms)
			DisableScriptedObjects (0ms)
			BackupInstance (0ms)
			ReleaseScriptingObjects (0ms)
			CreateAndSetChildDomain (1ms)
		EndReloadAssembly (460ms)
			LoadAssemblies (54ms)
			RebuildTransferFunctionScriptingTraits (0ms)
			SetupTypeCache (153ms)
			ReleaseScriptCaches (0ms)
			RebuildScriptCaches (29ms)
			SetupLoadedEditorAssemblies (179ms)
				LogAssemblyErrors (0ms)
				InitializePlatformSupportModulesInManaged (4ms)
				SetLoadedEditorAssemblies (0ms)
				RefreshPlugins (43ms)
				BeforeProcessingInitializeOnLoad (14ms)
				ProcessInitializeOnLoadAttributes (87ms)
				ProcessInitializeOnLoadMethodAttributes (29ms)
				AfterProcessingInitializeOnLoad (0ms)
				EditorAssembliesLoaded (0ms)
			ExecutionOrderSort2 (0ms)
			AwakeInstancesAfterBackupRestoration (0ms)
Platform modules already initialized, skipping
Registering precompiled user dll's ...
Registered in 0.005075 seconds.
Begin MonoManager ReloadAssembly
Native extension for WindowsStandalone target not found
Refreshing native plugins compatible for Editor in 0.43 ms, found 2 plugins.
Preloading 0 native plugins for Editor in 0.00 ms.
Mono: successfully reloaded assembly
- Completed reload, in  1.103 seconds
Domain Reload Profiling:
	ReloadAssembly (1104ms)
		BeginReloadAssembly (152ms)
			ExecutionOrderSort (0ms)
			DisableScriptedObjects (5ms)
			BackupInstance (0ms)
			ReleaseScriptingObjects (0ms)
			CreateAndSetChildDomain (18ms)
		EndReloadAssembly (884ms)
			LoadAssemblies (90ms)
			RebuildTransferFunctionScriptingTraits (0ms)
			SetupTypeCache (289ms)
			ReleaseScriptCaches (0ms)
			RebuildScriptCaches (47ms)
			SetupLoadedEditorAssemblies (361ms)
				LogAssemblyErrors (0ms)
				InitializePlatformSupportModulesInManaged (5ms)
				SetLoadedEditorAssemblies (0ms)
				RefreshPlugins (0ms)
				BeforeProcessingInitializeOnLoad (103ms)
				ProcessInitializeOnLoadAttributes (235ms)
				ProcessInitializeOnLoadMethodAttributes (10ms)
				AfterProcessingInitializeOnLoad (7ms)
				EditorAssembliesLoaded (0ms)
			ExecutionOrderSort2 (0ms)
			AwakeInstancesAfterBackupRestoration (7ms)
Platform modules already initialized, skipping
========================================================================
Worker process is ready to serve import requests
Launched and connected shader compiler UnityShaderCompiler.exe after 0.05 seconds
Refreshing native plugins compatible for Editor in 0.73 ms, found 2 plugins.
Preloading 0 native plugins for Editor in 0.00 ms.
Unloading 2009 Unused Serialized files (Serialized files now loaded: 0)
System memory in use before: 88.9 MB.
System memory in use after: 88.9 MB.

Unloading 20 unused Assets to reduce memory usage. Loaded Objects now: 2443.
Total: 5.126600 ms (FindLiveObjects: 0.269000 ms CreateObjectMapping: 0.082900 ms MarkObjects: 4.647100 ms  DeleteObjects: 0.125900 ms)

AssetImportParameters requested are different than current active one (requested -> active):
  custom:framework-win-MediaFoundation: 216162199b28c13a410421893ffa2e32 -> 
  custom:video-decoder-ogg-theora: a1e56fd34408186e4bbccfd4996cb3dc -> 
  custom:container-muxer-webm: aa71ff27fc2769a1b78a27578f13a17b -> 
  custom:container-demuxer-webm: 4f35f7cbe854078d1ac9338744f61a02 -> 
  custom:container-demuxer-ogg: 62fdf1f143b41e24485cea50d1cbac27 -> 
  custom:video-encoder-webm-vp8: eb34c28f22e8b96e1ab97ce403110664 -> 
  custom:video-decoder-webm-vp8: 9c59270c3fd7afecdb556c50c9e8de78 -> 
  custom:audio-decoder-ogg-vorbis: bf7c407c2cedff20999df2af8eb42d56 -> 
  custom:audio-encoder-webm-vorbis: bf7c407c2cedff20999df2af8eb42d56 -> 
========================================================================
Received Import Request.
  path: Assets/Ch06_nonPBR@Idle.fbx
  artifactKey: Guid(214f6e3adb909114eb9bec9af3ac4303) Importer(815301076,1909f56bfc062723c751e8b465ee728b)
Start importing Assets/Ch06_nonPBR@Idle.fbx using Guid(214f6e3adb909114eb9bec9af3ac4303) Importer(815301076,1909f56bfc062723c751e8b465ee728b)  -> (artifact id: '1e56ec9dd7e322ffbd74488a83010a0e') in 0.882868 seconds 
  Import took 0.886892 seconds .

========================================================================
Received Import Request.
  Time since last request: 14.547481 seconds.
  path: Assets
  artifactKey: Guid(00000000000000001000000000000000) Importer(815301076,1909f56bfc062723c751e8b465ee728b)
Start importing Assets using Guid(00000000000000001000000000000000) Importer(815301076,1909f56bfc062723c751e8b465ee728b)  -> (artifact id: '42d402b061de3733987d63b9cc3b64de') in 0.008918 seconds 
  Import took 0.012234 seconds .

========================================================================
Received Import Request.
  Time since last request: 12.524973 seconds.
  path: Assets/Characters
  artifactKey: Guid(68b02f25509c2384c96963057d20de87) Importer(815301076,1909f56bfc062723c751e8b465ee728b)
Start importing Assets/Characters using Guid(68b02f25509c2384c96963057d20de87) Importer(815301076,1909f56bfc062723c751e8b465ee728b)  -> (artifact id: '53b359335fbb62396d53983eeb1680bd') in 0.008538 seconds 
  Import took 0.011726 seconds .

========================================================================
Received Import Request.
  Time since last request: 377.693601 seconds.
  path: Assets/Characters/Ch06_nonPBR@Idle.fbx
  artifactKey: Guid(214f6e3adb909114eb9bec9af3ac4303) Importer(815301076,1909f56bfc062723c751e8b465ee728b)
Start importing Assets/Characters/Ch06_nonPBR@Idle.fbx using Guid(214f6e3adb909114eb9bec9af3ac4303) Importer(815301076,1909f56bfc062723c751e8b465ee728b)  -> (artifact id: '0b252d5703d1f859953b43c12d61dcfa') in 0.051267 seconds 
  Import took 0.054732 seconds .

========================================================================
Received Import Request.
  Time since last request: 228.553008 seconds.
  path: Assets/Characters/Ch06_nonPBR@Idle.fbx
  artifactKey: Guid(214f6e3adb909114eb9bec9af3ac4303) Importer(815301076,1909f56bfc062723c751e8b465ee728b)
Start importing Assets/Characters/Ch06_nonPBR@Idle.fbx using Guid(214f6e3adb909114eb9bec9af3ac4303) Importer(815301076,1909f56bfc062723c751e8b465ee728b)  -> (artifact id: 'd7d447ab305e64875327192283024f97') in 0.044293 seconds 
  Import took 0.047843 seconds .

========================================================================
Received Import Request.
  Time since last request: 189.315337 seconds.
  path: Assets/Characters/Ch06_nonPBR@Idle.fbx
  artifactKey: Guid(214f6e3adb909114eb9bec9af3ac4303) Importer(815301076,1909f56bfc062723c751e8b465ee728b)
Start importing Assets/Characters/Ch06_nonPBR@Idle.fbx using Guid(214f6e3adb909114eb9bec9af3ac4303) Importer(815301076,1909f56bfc062723c751e8b465ee728b)  -> (artifact id: '23e254e29a0d5105d994df1e0257e6f9') in 0.058051 seconds 
  Import took 0.061689 seconds .

========================================================================
Received Import Request.
  Time since last request: 325.781445 seconds.
  path: Assets/Characters/JamesAnimatorController.controller
  artifactKey: Guid(a9787eb1e2f37274e81f320ea3df9435) Importer(815301076,1909f56bfc062723c751e8b465ee728b)
Start importing Assets/Characters/JamesAnimatorController.controller using Guid(a9787eb1e2f37274e81f320ea3df9435) Importer(815301076,1909f56bfc062723c751e8b465ee728b)  -> (artifact id: '3a6aca150822607c48ab213a747455f4') in 0.014419 seconds 
  Import took 0.017597 seconds .

========================================================================
Received Prepare
Registering precompiled user dll's ...
Registered in 0.004734 seconds.
Begin MonoManager ReloadAssembly
Native extension for WindowsStandalone target not found
Refreshing native plugins compatible for Editor in 0.43 ms, found 2 plugins.
Preloading 0 native plugins for Editor in 0.00 ms.
Mono: successfully reloaded assembly
- Completed reload, in  1.019 seconds
Domain Reload Profiling:
	ReloadAssembly (1020ms)
		BeginReloadAssembly (120ms)
			ExecutionOrderSort (0ms)
			DisableScriptedObjects (4ms)
			BackupInstance (0ms)
			ReleaseScriptingObjects (0ms)
			CreateAndSetChildDomain (34ms)
		EndReloadAssembly (833ms)
			LoadAssemblies (87ms)
			RebuildTransferFunctionScriptingTraits (0ms)
			SetupTypeCache (288ms)
			ReleaseScriptCaches (1ms)
			RebuildScriptCaches (42ms)
			SetupLoadedEditorAssemblies (314ms)
				LogAssemblyErrors (0ms)
				InitializePlatformSupportModulesInManaged (5ms)
				SetLoadedEditorAssemblies (1ms)
				RefreshPlugins (0ms)
				BeforeProcessingInitializeOnLoad (86ms)
				ProcessInitializeOnLoadAttributes (207ms)
				ProcessInitializeOnLoadMethodAttributes (9ms)
				AfterProcessingInitializeOnLoad (7ms)
				EditorAssembliesLoaded (0ms)
			ExecutionOrderSort2 (0ms)
			AwakeInstancesAfterBackupRestoration (7ms)
Platform modules already initialized, skipping
Refreshing native plugins compatible for Editor in 0.47 ms, found 2 plugins.
Preloading 0 native plugins for Editor in 0.00 ms.
Unloading 1980 Unused Serialized files (Serialized files now loaded: 0)
System memory in use before: 103.4 MB.
System memory in use after: 103.5 MB.

Unloading 15 unused Assets to reduce memory usage. Loaded Objects now: 2490.
Total: 2.985800 ms (FindLiveObjects: 0.179500 ms CreateObjectMapping: 0.048800 ms MarkObjects: 2.742200 ms  DeleteObjects: 0.014400 ms)

AssetImportParameters requested are different than current active one (requested -> active):
  custom:framework-win-MediaFoundation: 216162199b28c13a410421893ffa2e32 -> 
  custom:video-decoder-ogg-theora: a1e56fd34408186e4bbccfd4996cb3dc -> 
  custom:container-muxer-webm: aa71ff27fc2769a1b78a27578f13a17b -> 
  custom:container-demuxer-webm: 4f35f7cbe854078d1ac9338744f61a02 -> 
  custom:container-demuxer-ogg: 62fdf1f143b41e24485cea50d1cbac27 -> 
  custom:video-encoder-webm-vp8: eb34c28f22e8b96e1ab97ce403110664 -> 
  custom:video-decoder-webm-vp8: 9c59270c3fd7afecdb556c50c9e8de78 -> 
  custom:audio-decoder-ogg-vorbis: bf7c407c2cedff20999df2af8eb42d56 -> 
  custom:audio-encoder-webm-vorbis: bf7c407c2cedff20999df2af8eb42d56 -> 
========================================================================
Received Import Request.
  Time since last request: 117.869766 seconds.
  path: Assets/Characters/JamesAnimatorController.controller
  artifactKey: Guid(a9787eb1e2f37274e81f320ea3df9435) Importer(815301076,1909f56bfc062723c751e8b465ee728b)
Start importing Assets/Characters/JamesAnimatorController.controller using Guid(a9787eb1e2f37274e81f320ea3df9435) Importer(815301076,1909f56bfc062723c751e8b465ee728b)  -> (artifact id: '74d9fc612347a7627199d1c713378f29') in 0.016140 seconds 
  Import took 0.019176 seconds .

========================================================================
Received Prepare
Registering precompiled user dll's ...
Registered in 0.004546 seconds.
Begin MonoManager ReloadAssembly
Native extension for WindowsStandalone target not found
Refreshing native plugins compatible for Editor in 0.45 ms, found 2 plugins.
Preloading 0 native plugins for Editor in 0.00 ms.
Mono: successfully reloaded assembly
- Completed reload, in  1.048 seconds
Domain Reload Profiling:
	ReloadAssembly (1049ms)
		BeginReloadAssembly (116ms)
			ExecutionOrderSort (0ms)
			DisableScriptedObjects (5ms)
			BackupInstance (0ms)
			ReleaseScriptingObjects (0ms)
			CreateAndSetChildDomain (34ms)
		EndReloadAssembly (862ms)
			LoadAssemblies (95ms)
			RebuildTransferFunctionScriptingTraits (0ms)
			SetupTypeCache (303ms)
			ReleaseScriptCaches (1ms)
			RebuildScriptCaches (42ms)
			SetupLoadedEditorAssemblies (320ms)
				LogAssemblyErrors (0ms)
				InitializePlatformSupportModulesInManaged (5ms)
				SetLoadedEditorAssemblies (1ms)
				RefreshPlugins (1ms)
				BeforeProcessingInitializeOnLoad (88ms)
				ProcessInitializeOnLoadAttributes (210ms)
				ProcessInitializeOnLoadMethodAttributes (10ms)
				AfterProcessingInitializeOnLoad (7ms)
				EditorAssembliesLoaded (0ms)
			ExecutionOrderSort2 (0ms)
			AwakeInstancesAfterBackupRestoration (7ms)
Platform modules already initialized, skipping
Refreshing native plugins compatible for Editor in 0.46 ms, found 2 plugins.
Preloading 0 native plugins for Editor in 0.00 ms.
Unloading 1979 Unused Serialized files (Serialized files now loaded: 0)
System memory in use before: 103.4 MB.
System memory in use after: 103.6 MB.

Unloading 15 unused Assets to reduce memory usage. Loaded Objects now: 2492.
Total: 3.053500 ms (FindLiveObjects: 0.183200 ms CreateObjectMapping: 0.050500 ms MarkObjects: 2.802700 ms  DeleteObjects: 0.015300 ms)

AssetImportParameters requested are different than current active one (requested -> active):
  custom:framework-win-MediaFoundation: 216162199b28c13a410421893ffa2e32 -> 
  custom:video-decoder-ogg-theora: a1e56fd34408186e4bbccfd4996cb3dc -> 
  custom:container-muxer-webm: aa71ff27fc2769a1b78a27578f13a17b -> 
  custom:container-demuxer-webm: 4f35f7cbe854078d1ac9338744f61a02 -> 
  custom:container-demuxer-ogg: 62fdf1f143b41e24485cea50d1cbac27 -> 
  custom:video-encoder-webm-vp8: eb34c28f22e8b96e1ab97ce403110664 -> 
  custom:video-decoder-webm-vp8: 9c59270c3fd7afecdb556c50c9e8de78 -> 
  custom:audio-decoder-ogg-vorbis: bf7c407c2cedff20999df2af8eb42d56 -> 
  custom:audio-encoder-webm-vorbis: bf7c407c2cedff20999df2af8eb42d56 -> 
========================================================================
Received Import Request.
  Time since last request: 334.692441 seconds.
  path: Assets/Characters/Animations
  artifactKey: Guid(427496087376e4e4d80d3020831ca57f) Importer(815301076,1909f56bfc062723c751e8b465ee728b)
Start importing Assets/Characters/Animations using Guid(427496087376e4e4d80d3020831ca57f) Importer(815301076,1909f56bfc062723c751e8b465ee728b)  -> (artifact id: '33c53a1ce37a2941616210eab999c4af') in 0.012665 seconds 
  Import took 0.015741 seconds .

========================================================================
Received Import Request.
  Time since last request: 9.629573 seconds.
  path: Assets/Characters/Animations/firing rifle.fbx
  artifactKey: Guid(d4a35736596e992489aec92f583cc219) Importer(815301076,1909f56bfc062723c751e8b465ee728b)
Start importing Assets/Characters/Animations/firing rifle.fbx using Guid(d4a35736596e992489aec92f583cc219) Importer(815301076,1909f56bfc062723c751e8b465ee728b)  -> (artifact id: 'e0b4e4c2fea6bd296a4758a38fed29a7') in 0.033631 seconds 
  Import took 0.037128 seconds .

========================================================================
Received Import Request.
  Time since last request: 0.000177 seconds.
  path: Assets/Characters/Animations/hit reaction.fbx
  artifactKey: Guid(bd78865c466eac64f9a6fe8d2962b266) Importer(815301076,1909f56bfc062723c751e8b465ee728b)
Start importing Assets/Characters/Animations/hit reaction.fbx using Guid(bd78865c466eac64f9a6fe8d2962b266) Importer(815301076,1909f56bfc062723c751e8b465ee728b)  -> (artifact id: '892246e7e4fcce5c8f9e6a896bcd4850') in 0.012816 seconds 
  Import took 0.016051 seconds .

========================================================================
Received Import Request.
  Time since last request: 0.000217 seconds.
  path: Assets/Characters/Animations/strafe left.fbx
  artifactKey: Guid(901fa62974a64344fbfd63997f373d51) Importer(815301076,1909f56bfc062723c751e8b465ee728b)
Start importing Assets/Characters/Animations/strafe left.fbx using Guid(901fa62974a64344fbfd63997f373d51) Importer(815301076,1909f56bfc062723c751e8b465ee728b)  -> (artifact id: '065221d4165150f9f937fa6264208be0') in 0.012750 seconds 
  Import took 0.015958 seconds .

========================================================================
Received Import Request.
  Time since last request: 0.000173 seconds.
  path: Assets/Characters/Animations/toss grenade.fbx
  artifactKey: Guid(89afcb828b53bb54885d0e18b9233df7) Importer(815301076,1909f56bfc062723c751e8b465ee728b)
Start importing Assets/Characters/Animations/toss grenade.fbx using Guid(89afcb828b53bb54885d0e18b9233df7) Importer(815301076,1909f56bfc062723c751e8b465ee728b)  -> (artifact id: 'f87d5637f6d4f618e4b065d81d76c6c7') in 0.013474 seconds 
  Import took 0.016494 seconds .

========================================================================
Received Import Request.
  Time since last request: 0.000184 seconds.
  path: Assets/Characters/Animations/turning right 45 degrees.fbx
  artifactKey: Guid(812b9774d6e051b41977c3b39103ba87) Importer(815301076,1909f56bfc062723c751e8b465ee728b)
Start importing Assets/Characters/Animations/turning right 45 degrees.fbx using Guid(812b9774d6e051b41977c3b39103ba87) Importer(815301076,1909f56bfc062723c751e8b465ee728b)  -> (artifact id: '4d6afce04f0298e898da65bd4edb0a7a') in 0.012555 seconds 
  Import took 0.015466 seconds .

========================================================================
Received Import Request.
  Time since last request: 0.000207 seconds.
  path: Assets/Characters/Animations/rifle jump.fbx
  artifactKey: Guid(4275166d0873af04499d6cf38a438c62) Importer(815301076,1909f56bfc062723c751e8b465ee728b)
Start importing Assets/Characters/Animations/rifle jump.fbx using Guid(4275166d0873af04499d6cf38a438c62) Importer(815301076,1909f56bfc062723c751e8b465ee728b)  -> (artifact id: 'd28a3b094993da14c1ef2a2a327a113b') in 0.013400 seconds 
  Import took 0.016795 seconds .

========================================================================
Received Import Request.
  Time since last request: 0.000170 seconds.
  path: Assets/Characters/Animations/reloading.fbx
  artifactKey: Guid(7a7d634b27b3a36408ad9ecca35f90be) Importer(815301076,1909f56bfc062723c751e8b465ee728b)
Start importing Assets/Characters/Animations/reloading.fbx using Guid(7a7d634b27b3a36408ad9ecca35f90be) Importer(815301076,1909f56bfc062723c751e8b465ee728b)  -> (artifact id: '2ff9aefe48a432bafb56fd278ba75b8d') in 0.013893 seconds 
  Import took 0.017123 seconds .

========================================================================
Received Import Request.
  Time since last request: 0.000173 seconds.
  path: Assets/Characters/Animations/strafe (2).fbx
  artifactKey: Guid(7a49fbab8c407f44b827dbc4ea14338d) Importer(815301076,1909f56bfc062723c751e8b465ee728b)
Start importing Assets/Characters/Animations/strafe (2).fbx using Guid(7a49fbab8c407f44b827dbc4ea14338d) Importer(815301076,1909f56bfc062723c751e8b465ee728b)  -> (artifact id: '592463c0dd73f40d8a1f166716d9a825') in 0.014068 seconds 
  Import took 0.017079 seconds .

========================================================================
Received Import Request.
  Time since last request: 0.000180 seconds.
  path: Assets/Characters/Animations/rifle run.fbx
  artifactKey: Guid(639dc41bea20cd7409ca5b7cba28d2a1) Importer(815301076,1909f56bfc062723c751e8b465ee728b)
Start importing Assets/Characters/Animations/rifle run.fbx using Guid(639dc41bea20cd7409ca5b7cba28d2a1) Importer(815301076,1909f56bfc062723c751e8b465ee728b)  -> (artifact id: '02ced9d745b64b557a3b0454a809615e') in 0.013641 seconds 
  Import took 0.016675 seconds .

========================================================================
Received Import Request.
  Time since last request: 0.000192 seconds.
  path: Assets/Characters/Animations/walking.fbx
  artifactKey: Guid(6a43ab12b4e4efb43b6be2bb7f4a4eca) Importer(815301076,1909f56bfc062723c751e8b465ee728b)
Start importing Assets/Characters/Animations/walking.fbx using Guid(6a43ab12b4e4efb43b6be2bb7f4a4eca) Importer(815301076,1909f56bfc062723c751e8b465ee728b)  -> (artifact id: 'cda459ee3fc71b009f49abaf70e2c2d6') in 0.013016 seconds 
  Import took 0.016211 seconds .

========================================================================
Received Import Request.
  Time since last request: 0.000194 seconds.
  path: Assets/Characters/Animations/walking backwards.fbx
  artifactKey: Guid(b78edb5eaee05e949bcfe532ccab15d1) Importer(815301076,1909f56bfc062723c751e8b465ee728b)
Start importing Assets/Characters/Animations/walking backwards.fbx using Guid(b78edb5eaee05e949bcfe532ccab15d1) Importer(815301076,1909f56bfc062723c751e8b465ee728b)  -> (artifact id: '3ce7061b5011ec9c089f7e76ec36d1f4') in 0.013613 seconds 
  Import took 0.016839 seconds .

========================================================================
Received Import Request.
  Time since last request: 0.000173 seconds.
  path: Assets/Characters/Animations/run backwards.fbx
  artifactKey: Guid(bfeb78abd1b960646928171d20840e0b) Importer(815301076,1909f56bfc062723c751e8b465ee728b)
Start importing Assets/Characters/Animations/run backwards.fbx using Guid(bfeb78abd1b960646928171d20840e0b) Importer(815301076,1909f56bfc062723c751e8b465ee728b)  -> (artifact id: 'bbd4d19547f5810ce53c119e31ba063b') in 0.012677 seconds 
  Import took 0.015604 seconds .

========================================================================
Received Import Request.
  Time since last request: 0.000191 seconds.
  path: Assets/Characters/Animations/rifle aiming idle.fbx
  artifactKey: Guid(8bfa77939d467f4458313c223b14f0bf) Importer(815301076,1909f56bfc062723c751e8b465ee728b)
Start importing Assets/Characters/Animations/rifle aiming idle.fbx using Guid(8bfa77939d467f4458313c223b14f0bf) Importer(815301076,1909f56bfc062723c751e8b465ee728b)  -> (artifact id: '8b6487e536f1b6fa8b5df37382049dc5') in 0.012299 seconds 
  Import took 0.015462 seconds .

========================================================================
Received Import Request.
  Time since last request: 0.000208 seconds.
  path: Assets/Characters/Animations/strafe right.fbx
  artifactKey: Guid(2cad7924a28b15e47a142d604566bbcf) Importer(815301076,1909f56bfc062723c751e8b465ee728b)
Start importing Assets/Characters/Animations/strafe right.fbx using Guid(2cad7924a28b15e47a142d604566bbcf) Importer(815301076,1909f56bfc062723c751e8b465ee728b)  -> (artifact id: '9f2c1c088322c02642dd0065e84fe9d4') in 0.012317 seconds 
  Import took 0.015529 seconds .

========================================================================
Received Import Request.
  Time since last request: 0.000167 seconds.
  path: Assets/Characters/Animations/strafe.fbx
  artifactKey: Guid(96ba50b4789d15343917b14bf7277942) Importer(815301076,1909f56bfc062723c751e8b465ee728b)
Start importing Assets/Characters/Animations/strafe.fbx using Guid(96ba50b4789d15343917b14bf7277942) Importer(815301076,1909f56bfc062723c751e8b465ee728b)  -> (artifact id: '2d5290a78a74749315d3c0c021381d7b') in 0.012712 seconds 
  Import took 0.015648 seconds .

========================================================================
Received Import Request.
  Time since last request: 0.000168 seconds.
  path: Assets/Characters/Animations/turn left.fbx
  artifactKey: Guid(5229f325fcaab464cb1d655da3ba34ce) Importer(815301076,1909f56bfc062723c751e8b465ee728b)
Start importing Assets/Characters/Animations/turn left.fbx using Guid(5229f325fcaab464cb1d655da3ba34ce) Importer(815301076,1909f56bfc062723c751e8b465ee728b)  -> (artifact id: '32877f0085fab14d77f2f34034701884') in 0.013690 seconds 
  Import took 0.016770 seconds .

========================================================================
Received Import Request.
  Time since last request: 196.583380 seconds.
  path: Assets/Characters/Animations/hit reaction.fbx
  artifactKey: Guid(bd78865c466eac64f9a6fe8d2962b266) Importer(815301076,1909f56bfc062723c751e8b465ee728b)
Start importing Assets/Characters/Animations/hit reaction.fbx using Guid(bd78865c466eac64f9a6fe8d2962b266) Importer(815301076,1909f56bfc062723c751e8b465ee728b)  -> (artifact id: '2bdbe903a6a0a39a44b4efde4c28bbc0') in 0.007189 seconds 
  Import took 0.010587 seconds .

========================================================================
Received Import Request.
  Time since last request: 0.048318 seconds.
  path: Assets/Characters/Animations/firing rifle.fbx
  artifactKey: Guid(d4a35736596e992489aec92f583cc219) Importer(815301076,1909f56bfc062723c751e8b465ee728b)
Start importing Assets/Characters/Animations/firing rifle.fbx using Guid(d4a35736596e992489aec92f583cc219) Importer(815301076,1909f56bfc062723c751e8b465ee728b)  -> (artifact id: '4ea90f623accab99543d8ad88c8945a3') in 0.007345 seconds 
  Import took 0.010901 seconds .

========================================================================
Received Import Request.
  Time since last request: 0.000195 seconds.
  path: Assets/Characters/Animations/strafe left.fbx
  artifactKey: Guid(901fa62974a64344fbfd63997f373d51) Importer(815301076,1909f56bfc062723c751e8b465ee728b)
Start importing Assets/Characters/Animations/strafe left.fbx using Guid(901fa62974a64344fbfd63997f373d51) Importer(815301076,1909f56bfc062723c751e8b465ee728b)  -> (artifact id: 'a7161217be69311e038db73eebebe103') in 0.007382 seconds 
  Import took 0.010375 seconds .

========================================================================
Received Import Request.
  Time since last request: 0.000238 seconds.
  path: Assets/Characters/Animations/toss grenade.fbx
  artifactKey: Guid(89afcb828b53bb54885d0e18b9233df7) Importer(815301076,1909f56bfc062723c751e8b465ee728b)
Start importing Assets/Characters/Animations/toss grenade.fbx using Guid(89afcb828b53bb54885d0e18b9233df7) Importer(815301076,1909f56bfc062723c751e8b465ee728b)  -> (artifact id: 'b6f49150ee100ee376e6db0685c1343c') in 0.008396 seconds 
  Import took 0.012026 seconds .

========================================================================
Received Import Request.
  Time since last request: 0.000164 seconds.
  path: Assets/Characters/Animations/turning right 45 degrees.fbx
  artifactKey: Guid(812b9774d6e051b41977c3b39103ba87) Importer(815301076,1909f56bfc062723c751e8b465ee728b)
Start importing Assets/Characters/Animations/turning right 45 degrees.fbx using Guid(812b9774d6e051b41977c3b39103ba87) Importer(815301076,1909f56bfc062723c751e8b465ee728b)  -> (artifact id: 'cc5c61a36aef6ac7afb355ce59e0284d') in 0.007478 seconds 
  Import took 0.010538 seconds .

========================================================================
Received Import Request.
  Time since last request: 0.000196 seconds.
  path: Assets/Characters/Animations/rifle jump.fbx
  artifactKey: Guid(4275166d0873af04499d6cf38a438c62) Importer(815301076,1909f56bfc062723c751e8b465ee728b)
Start importing Assets/Characters/Animations/rifle jump.fbx using Guid(4275166d0873af04499d6cf38a438c62) Importer(815301076,1909f56bfc062723c751e8b465ee728b)  -> (artifact id: '7f4c977af655b368e36e2b7ae8cbf444') in 0.007935 seconds 
  Import took 0.011247 seconds .

========================================================================
Received Import Request.
  Time since last request: 0.000174 seconds.
  path: Assets/Characters/Animations/reloading.fbx
  artifactKey: Guid(7a7d634b27b3a36408ad9ecca35f90be) Importer(815301076,1909f56bfc062723c751e8b465ee728b)
Start importing Assets/Characters/Animations/reloading.fbx using Guid(7a7d634b27b3a36408ad9ecca35f90be) Importer(815301076,1909f56bfc062723c751e8b465ee728b)  -> (artifact id: '1576a96051798687d230333b390f24d9') in 0.008591 seconds 
  Import took 0.011699 seconds .

========================================================================
Received Import Request.
  Time since last request: 0.000250 seconds.
  path: Assets/Characters/Animations/strafe (2).fbx
  artifactKey: Guid(7a49fbab8c407f44b827dbc4ea14338d) Importer(815301076,1909f56bfc062723c751e8b465ee728b)
Start importing Assets/Characters/Animations/strafe (2).fbx using Guid(7a49fbab8c407f44b827dbc4ea14338d) Importer(815301076,1909f56bfc062723c751e8b465ee728b)  -> (artifact id: '4cf459e637d69dcf566f504372ae66e2') in 0.007704 seconds 
  Import took 0.011228 seconds .

========================================================================
Received Import Request.
  Time since last request: 0.000168 seconds.
  path: Assets/Characters/Animations/rifle run.fbx
  artifactKey: Guid(639dc41bea20cd7409ca5b7cba28d2a1) Importer(815301076,1909f56bfc062723c751e8b465ee728b)
Start importing Assets/Characters/Animations/rifle run.fbx using Guid(639dc41bea20cd7409ca5b7cba28d2a1) Importer(815301076,1909f56bfc062723c751e8b465ee728b)  -> (artifact id: '4cabef67ace4ecbfef0c7aba96b01544') in 0.007104 seconds 
  Import took 0.010045 seconds .

========================================================================
Received Import Request.
  Time since last request: 0.000178 seconds.
  path: Assets/Characters/Animations/walking.fbx
  artifactKey: Guid(6a43ab12b4e4efb43b6be2bb7f4a4eca) Importer(815301076,1909f56bfc062723c751e8b465ee728b)
Start importing Assets/Characters/Animations/walking.fbx using Guid(6a43ab12b4e4efb43b6be2bb7f4a4eca) Importer(815301076,1909f56bfc062723c751e8b465ee728b)  -> (artifact id: 'f6d4f3f97b6f1af4244e236435f763a7') in 0.007923 seconds 
  Import took 0.011005 seconds .

========================================================================
Received Import Request.
  Time since last request: 0.000178 seconds.
  path: Assets/Characters/Animations/walking backwards.fbx
  artifactKey: Guid(b78edb5eaee05e949bcfe532ccab15d1) Importer(815301076,1909f56bfc062723c751e8b465ee728b)
Start importing Assets/Characters/Animations/walking backwards.fbx using Guid(b78edb5eaee05e949bcfe532ccab15d1) Importer(815301076,1909f56bfc062723c751e8b465ee728b)  -> (artifact id: '6f225c6fcd9ab399b4755545c0fff9c7') in 0.007583 seconds 
  Import took 0.010682 seconds .

========================================================================
Received Import Request.
  Time since last request: 0.000149 seconds.
  path: Assets/Characters/Animations/run backwards.fbx
  artifactKey: Guid(bfeb78abd1b960646928171d20840e0b) Importer(815301076,1909f56bfc062723c751e8b465ee728b)
Start importing Assets/Characters/Animations/run backwards.fbx using Guid(bfeb78abd1b960646928171d20840e0b) Importer(815301076,1909f56bfc062723c751e8b465ee728b)  -> (artifact id: '9e75a114072ae120df657a5cb53ecce5') in 0.007261 seconds 
  Import took 0.010176 seconds .

========================================================================
Received Import Request.
  Time since last request: 0.000157 seconds.
  path: Assets/Characters/Animations/rifle aiming idle.fbx
  artifactKey: Guid(8bfa77939d467f4458313c223b14f0bf) Importer(815301076,1909f56bfc062723c751e8b465ee728b)
Start importing Assets/Characters/Animations/rifle aiming idle.fbx using Guid(8bfa77939d467f4458313c223b14f0bf) Importer(815301076,1909f56bfc062723c751e8b465ee728b)  -> (artifact id: 'ab61619ef0f4c230b1d350658d160293') in 0.007847 seconds 
  Import took 0.010906 seconds .

========================================================================
Received Import Request.
  Time since last request: 0.000180 seconds.
  path: Assets/Characters/Animations/strafe right.fbx
  artifactKey: Guid(2cad7924a28b15e47a142d604566bbcf) Importer(815301076,1909f56bfc062723c751e8b465ee728b)
Start importing Assets/Characters/Animations/strafe right.fbx using Guid(2cad7924a28b15e47a142d604566bbcf) Importer(815301076,1909f56bfc062723c751e8b465ee728b)  -> (artifact id: 'b8bbf6af8ba18e89273e64569d2dc9d8') in 0.007167 seconds 
  Import took 0.010342 seconds .

========================================================================
Received Import Request.
  Time since last request: 0.000184 seconds.
  path: Assets/Characters/Animations/strafe.fbx
  artifactKey: Guid(96ba50b4789d15343917b14bf7277942) Importer(815301076,1909f56bfc062723c751e8b465ee728b)
Start importing Assets/Characters/Animations/strafe.fbx using Guid(96ba50b4789d15343917b14bf7277942) Importer(815301076,1909f56bfc062723c751e8b465ee728b)  -> (artifact id: '9a4c347076054d79cc4aa3d3f7721c18') in 0.007232 seconds 
  Import took 0.010307 seconds .

========================================================================
Received Import Request.
  Time since last request: 0.000207 seconds.
  path: Assets/Characters/Animations/turn left.fbx
  artifactKey: Guid(5229f325fcaab464cb1d655da3ba34ce) Importer(815301076,1909f56bfc062723c751e8b465ee728b)
Start importing Assets/Characters/Animations/turn left.fbx using Guid(5229f325fcaab464cb1d655da3ba34ce) Importer(815301076,1909f56bfc062723c751e8b465ee728b)  -> (artifact id: 'd8d09dbdfbe4294d70bf0a59e752865b') in 0.008137 seconds 
  Import took 0.011164 seconds .

========================================================================
Received Prepare
Registering precompiled user dll's ...
Registered in 0.004397 seconds.
Begin MonoManager ReloadAssembly
Native extension for WindowsStandalone target not found
Refreshing native plugins compatible for Editor in 0.44 ms, found 2 plugins.
Preloading 0 native plugins for Editor in 0.00 ms.
Mono: successfully reloaded assembly
- Completed reload, in  1.019 seconds
Domain Reload Profiling:
	ReloadAssembly (1019ms)
		BeginReloadAssembly (114ms)
			ExecutionOrderSort (0ms)
			DisableScriptedObjects (5ms)
			BackupInstance (0ms)
			ReleaseScriptingObjects (0ms)
			CreateAndSetChildDomain (32ms)
		EndReloadAssembly (837ms)
			LoadAssemblies (91ms)
			RebuildTransferFunctionScriptingTraits (0ms)
			SetupTypeCache (289ms)
			ReleaseScriptCaches (1ms)
			RebuildScriptCaches (42ms)
			SetupLoadedEditorAssemblies (313ms)
				LogAssemblyErrors (0ms)
				InitializePlatformSupportModulesInManaged (5ms)
				SetLoadedEditorAssemblies (1ms)
				RefreshPlugins (0ms)
				BeforeProcessingInitializeOnLoad (87ms)
				ProcessInitializeOnLoadAttributes (205ms)
				ProcessInitializeOnLoadMethodAttributes (9ms)
				AfterProcessingInitializeOnLoad (7ms)
				EditorAssembliesLoaded (0ms)
			ExecutionOrderSort2 (0ms)
			AwakeInstancesAfterBackupRestoration (7ms)
Platform modules already initialized, skipping
Refreshing native plugins compatible for Editor in 0.54 ms, found 2 plugins.
Preloading 0 native plugins for Editor in 0.00 ms.
Unloading 1979 Unused Serialized files (Serialized files now loaded: 0)
System memory in use before: 103.6 MB.
System memory in use after: 103.7 MB.

Unloading 15 unused Assets to reduce memory usage. Loaded Objects now: 2494.
Total: 3.133100 ms (FindLiveObjects: 0.188600 ms CreateObjectMapping: 0.051100 ms MarkObjects: 2.875500 ms  DeleteObjects: 0.016500 ms)

AssetImportParameters requested are different than current active one (requested -> active):
  custom:framework-win-MediaFoundation: 216162199b28c13a410421893ffa2e32 -> 
  custom:video-decoder-ogg-theora: a1e56fd34408186e4bbccfd4996cb3dc -> 
  custom:container-muxer-webm: aa71ff27fc2769a1b78a27578f13a17b -> 
  custom:container-demuxer-webm: 4f35f7cbe854078d1ac9338744f61a02 -> 
  custom:container-demuxer-ogg: 62fdf1f143b41e24485cea50d1cbac27 -> 
  custom:video-encoder-webm-vp8: eb34c28f22e8b96e1ab97ce403110664 -> 
  custom:video-decoder-webm-vp8: 9c59270c3fd7afecdb556c50c9e8de78 -> 
  custom:audio-decoder-ogg-vorbis: bf7c407c2cedff20999df2af8eb42d56 -> 
  custom:audio-encoder-webm-vorbis: bf7c407c2cedff20999df2af8eb42d56 -> 
========================================================================
Received Prepare
Registering precompiled user dll's ...
Registered in 0.004411 seconds.
Begin MonoManager ReloadAssembly
Native extension for WindowsStandalone target not found
Refreshing native plugins compatible for Editor in 0.44 ms, found 2 plugins.
Preloading 0 native plugins for Editor in 0.00 ms.
Mono: successfully reloaded assembly
- Completed reload, in  1.026 seconds
Domain Reload Profiling:
	ReloadAssembly (1026ms)
		BeginReloadAssembly (114ms)
			ExecutionOrderSort (0ms)
			DisableScriptedObjects (5ms)
			BackupInstance (0ms)
			ReleaseScriptingObjects (0ms)
			CreateAndSetChildDomain (29ms)
		EndReloadAssembly (843ms)
			LoadAssemblies (89ms)
			RebuildTransferFunctionScriptingTraits (0ms)
			SetupTypeCache (286ms)
			ReleaseScriptCaches (1ms)
			RebuildScriptCaches (42ms)
			SetupLoadedEditorAssemblies (324ms)
				LogAssemblyErrors (0ms)
				InitializePlatformSupportModulesInManaged (5ms)
				SetLoadedEditorAssemblies (1ms)
				RefreshPlugins (0ms)
				BeforeProcessingInitializeOnLoad (88ms)
				ProcessInitializeOnLoadAttributes (215ms)
				ProcessInitializeOnLoadMethodAttributes (9ms)
				AfterProcessingInitializeOnLoad (7ms)
				EditorAssembliesLoaded (0ms)
			ExecutionOrderSort2 (0ms)
			AwakeInstancesAfterBackupRestoration (7ms)
Platform modules already initialized, skipping
Refreshing native plugins compatible for Editor in 0.53 ms, found 2 plugins.
Preloading 0 native plugins for Editor in 0.00 ms.
Unloading 1979 Unused Serialized files (Serialized files now loaded: 0)
System memory in use before: 103.6 MB.
System memory in use after: 103.7 MB.

Unloading 15 unused Assets to reduce memory usage. Loaded Objects now: 2496.
Total: 3.012100 ms (FindLiveObjects: 0.167100 ms CreateObjectMapping: 0.051700 ms MarkObjects: 2.777700 ms  DeleteObjects: 0.014900 ms)

AssetImportParameters requested are different than current active one (requested -> active):
  custom:framework-win-MediaFoundation: 216162199b28c13a410421893ffa2e32 -> 
  custom:video-decoder-ogg-theora: a1e56fd34408186e4bbccfd4996cb3dc -> 
  custom:container-muxer-webm: aa71ff27fc2769a1b78a27578f13a17b -> 
  custom:container-demuxer-webm: 4f35f7cbe854078d1ac9338744f61a02 -> 
  custom:container-demuxer-ogg: 62fdf1f143b41e24485cea50d1cbac27 -> 
  custom:video-encoder-webm-vp8: eb34c28f22e8b96e1ab97ce403110664 -> 
  custom:video-decoder-webm-vp8: 9c59270c3fd7afecdb556c50c9e8de78 -> 
  custom:audio-decoder-ogg-vorbis: bf7c407c2cedff20999df2af8eb42d56 -> 
  custom:audio-encoder-webm-vorbis: bf7c407c2cedff20999df2af8eb42d56 -> 
